<?xml version="1.0" encoding="UTF-8"?>
<!-- Generated by org.testng.reporters.JUnitReportReporter -->
<testsuite hostname="Young-PC" name="com.dbyl.tests.UseCookieLogin" tests="1" failures="0" timestamp="14 Jun 2015 17:03:43 GMT" time="70.103" errors="0">
  <testcase name="useCookies" time="70.103" classname="com.dbyl.tests.UseCookieLogin"/>
</testsuite> <!-- com.dbyl.tests.UseCookieLogin -->
