<?xml version="1.0" encoding="UTF-8"?>
<!-- Generated by org.testng.reporters.JUnitReportReporter -->
<testsuite hostname="Youngs-MacBook-Pro.local" name="main.java.com.dbyl.tests.getAlert" tests="1" failures="0" timestamp="15 Oct 2016 08:36:54 GMT" time="36.330" errors="1">
  <testcase name="FireFoxDriver" time="36.330" classname="main.java.com.dbyl.tests.getAlert">
    <error type="org.openqa.selenium.WebDriverException" message="Unable to convert: Capabilities [{marionette=true, firefoxOptions=org.openqa.selenium.firefox.FirefoxOptions@61edc883, browserName=firefox, moz:firefoxOptions=org.openqa.selenium.firefox.FirefoxOptions@61edc883, version=, platform=ANY}]
Build info: version: &#039;unknown&#039;, revision: &#039;350cf60&#039;, time: &#039;2016-10-13 10:46:00 -0700&#039;
System info: host: &#039;Youngs-MacBook-Pro.local&#039;, ip: &#039;192.168.1.106&#039;, os.name: &#039;Mac OS X&#039;, os.arch: &#039;x86_64&#039;, os.version: &#039;10.11.6&#039;, java.version: &#039;1.8.0_92&#039;
Driver info: driver.version: FirefoxDriver">
      <![CDATA[org.openqa.selenium.WebDriverException: Unable to convert: Capabilities [{marionette=true, firefoxOptions=org.openqa.selenium.firefox.FirefoxOptions@61edc883, browserName=firefox, moz:firefoxOptions=org.openqa.selenium.firefox.FirefoxOptions@61edc883, version=, platform=ANY}]
Build info: version: 'unknown', revision: '350cf60', time: '2016-10-13 10:46:00 -0700'
System info: host: 'Youngs-MacBook-Pro.local', ip: '192.168.1.106', os.name: 'Mac OS X', os.arch: 'x86_64', os.version: '10.11.6', java.version: '1.8.0_92'
Driver info: driver.version: FirefoxDriver
	at org.openqa.selenium.remote.BeanToJsonConverter.convert(BeanToJsonConverter.java:69)
	at org.openqa.selenium.remote.ProtocolHandshake.createSession(ProtocolHandshake.java:54)
	at org.openqa.selenium.remote.HttpCommandExecutor.execute(HttpCommandExecutor.java:141)
	at org.openqa.selenium.remote.service.DriverCommandExecutor.execute(DriverCommandExecutor.java:82)
	at org.openqa.selenium.remote.RemoteWebDriver.execute(RemoteWebDriver.java:601)
	at org.openqa.selenium.remote.RemoteWebDriver.startSession(RemoteWebDriver.java:241)
	at org.openqa.selenium.remote.RemoteWebDriver.<init>(RemoteWebDriver.java:128)
	at org.openqa.selenium.firefox.FirefoxDriver.<init>(FirefoxDriver.java:259)
	at org.openqa.selenium.firefox.FirefoxDriver.<init>(FirefoxDriver.java:247)
	at org.openqa.selenium.firefox.FirefoxDriver.<init>(FirefoxDriver.java:242)
	at org.openqa.selenium.firefox.FirefoxDriver.<init>(FirefoxDriver.java:238)
	at org.openqa.selenium.firefox.FirefoxDriver.<init>(FirefoxDriver.java:131)
	at main.java.com.dbyl.libarary.utils.DriverFactory.getFirefoxDriver(DriverFactory.java:146)
	at main.java.com.dbyl.tests.getAlert.FireFoxDriver(getAlert.java:24)
	at sun.reflect.NativeMethodAccessorImpl.invoke0(Native Method)
	at sun.reflect.NativeMethodAccessorImpl.invoke(NativeMethodAccessorImpl.java:62)
	at sun.reflect.DelegatingMethodAccessorImpl.invoke(DelegatingMethodAccessorImpl.java:43)
	at java.lang.reflect.Method.invoke(Method.java:498)
	at org.testng.internal.MethodInvocationHelper.invokeMethod(MethodInvocationHelper.java:100)
	at org.testng.internal.Invoker.invokeMethod(Invoker.java:646)
	at org.testng.internal.Invoker.invokeTestMethod(Invoker.java:811)
	at org.testng.internal.Invoker.invokeTestMethods(Invoker.java:1129)
	at org.testng.internal.TestMethodWorker.invokeTestMethods(TestMethodWorker.java:129)
	at org.testng.internal.TestMethodWorker.run(TestMethodWorker.java:112)
	at org.testng.TestRunner.privateRun(TestRunner.java:746)
	at org.testng.TestRunner.run(TestRunner.java:600)
	at org.testng.SuiteRunner.runTest(SuiteRunner.java:366)
	at org.testng.SuiteRunner.runSequentially(SuiteRunner.java:361)
	at org.testng.SuiteRunner.privateRun(SuiteRunner.java:319)
	at org.testng.SuiteRunner.run(SuiteRunner.java:268)
	at org.testng.SuiteRunnerWorker.runSuite(SuiteRunnerWorker.java:52)
	at org.testng.SuiteRunnerWorker.run(SuiteRunnerWorker.java:86)
	at org.testng.TestNG.runSuitesSequentially(TestNG.java:1264)
	at org.testng.TestNG.runSuitesLocally(TestNG.java:1189)
	at org.testng.TestNG.runSuites(TestNG.java:1104)
	at org.testng.TestNG.run(TestNG.java:1076)
	at org.testng.remote.AbstractRemoteTestNG.run(AbstractRemoteTestNG.java:126)
	at org.testng.remote.RemoteTestNG.initAndRun(RemoteTestNG.java:152)
	at org.testng.remote.RemoteTestNG.main(RemoteTestNG.java:57)
Caused by: org.openqa.selenium.WebDriverException: Unable to convert: Capabilities [{marionette=true, firefoxOptions=org.openqa.selenium.firefox.FirefoxOptions@61edc883, browserName=firefox, moz:firefoxOptions=org.openqa.selenium.firefox.FirefoxOptions@61edc883, version=, platform=ANY}]
Build info: version: 'unknown', revision: '350cf60', time: '2016-10-13 10:46:00 -0700'
System info: host: 'Youngs-MacBook-Pro.local', ip: '192.168.1.106', os.name: 'Mac OS X', os.arch: 'x86_64', os.version: '10.11.6', java.version: '1.8.0_92'
Driver info: driver.version: FirefoxDriver
	at org.openqa.selenium.remote.BeanToJsonConverter.convertObject(BeanToJsonConverter.java:88)
	at org.openqa.selenium.remote.BeanToJsonConverter.convert(BeanToJsonConverter.java:66)
	... 38 more
Caused by: org.openqa.selenium.WebDriverException: java.lang.reflect.InvocationTargetException
Build info: version: 'unknown', revision: '350cf60', time: '2016-10-13 10:46:00 -0700'
System info: host: 'Youngs-MacBook-Pro.local', ip: '192.168.1.106', os.name: 'Mac OS X', os.arch: 'x86_64', os.version: '10.11.6', java.version: '1.8.0_92'
Driver info: driver.version: FirefoxDriver
	at org.openqa.selenium.remote.BeanToJsonConverter.convertObject(BeanToJsonConverter.java:232)
	at org.openqa.selenium.remote.BeanToJsonConverter.convertObject(BeanToJsonConverter.java:143)
	at org.openqa.selenium.remote.BeanToJsonConverter.convertObject(BeanToJsonConverter.java:189)
	at org.openqa.selenium.remote.BeanToJsonConverter.convertObject(BeanToJsonConverter.java:86)
	... 39 more
Caused by: java.lang.reflect.InvocationTargetException
	at sun.reflect.NativeMethodAccessorImpl.invoke0(Native Method)
	at sun.reflect.NativeMethodAccessorImpl.invoke(NativeMethodAccessorImpl.java:62)
	at sun.reflect.DelegatingMethodAccessorImpl.invoke(DelegatingMethodAccessorImpl.java:43)
	at java.lang.reflect.Method.invoke(Method.java:498)
	at org.openqa.selenium.remote.BeanToJsonConverter.convertObject(BeanToJsonConverter.java:218)
	... 42 more
Caused by: org.openqa.selenium.firefox.UnableToCreateProfileException: java.io.FileNotFoundException: webDriver\firebug-2.0.17.xpi (No such file or directory)
Build info: version: 'unknown', revision: '350cf60', time: '2016-10-13 10:46:00 -0700'
System info: host: 'Youngs-MacBook-Pro.local', ip: '192.168.1.106', os.name: 'Mac OS X', os.arch: 'x86_64', os.version: '10.11.6', java.version: '1.8.0_92'
Driver info: driver.version: FirefoxDriver
	at org.openqa.selenium.firefox.FirefoxProfile.layoutOnDisk(FirefoxProfile.java:426)
	at org.openqa.selenium.firefox.FirefoxProfile.toJson(FirefoxProfile.java:386)
	at org.openqa.selenium.firefox.FirefoxOptions.toJson(FirefoxOptions.java:172)
	... 47 more
Caused by: java.io.FileNotFoundException: webDriver\firebug-2.0.17.xpi (No such file or directory)
	at java.io.FileInputStream.open0(Native Method)
	at java.io.FileInputStream.open(FileInputStream.java:195)
	at java.io.FileInputStream.<init>(FileInputStream.java:138)
	at org.openqa.selenium.firefox.internal.FileExtension.obtainRootDirectory(FileExtension.java:79)
	at org.openqa.selenium.firefox.internal.FileExtension.writeTo(FileExtension.java:59)
	at org.openqa.selenium.firefox.FirefoxProfile.installExtensions(FirefoxProfile.java:442)
	at org.openqa.selenium.firefox.FirefoxProfile.layoutOnDisk(FirefoxProfile.java:420)
	... 49 more
]]>
    </error>
  </testcase> <!-- FireFoxDriver -->
</testsuite> <!-- main.java.com.dbyl.tests.getAlert -->
