<?xml version="1.0" encoding="UTF-8"?>
<!-- Generated by org.testng.reporters.JUnitReportReporter -->
<testsuite hostname="Youngs-MacBook-Pro.local" name="main.java.com.dbyl.tests.SelectTest" tests="1" failures="0" timestamp="15 Sep 2016 09:14:48 GMT" time="35.036" errors="0">
  <testcase name="runTest" time="35.036" classname="main.java.com.dbyl.tests.SelectTest"/>
</testsuite> <!-- main.java.com.dbyl.tests.SelectTest -->
