<?xml version="1.0" encoding="UTF-8"?>
<!-- Generated by org.testng.reporters.JUnitReportReporter -->
<testsuite hostname="Young-PC" name="com.dbyl.tests.TestngExample" tests="2" failures="0" timestamp="20 Jun 2015 04:36:43 GMT" time="0.018" errors="0">
  <testcase name="testExample2" time="0.008" classname="com.dbyl.tests.TestngExample"/>
  <testcase name="testExample1" time="0.010" classname="com.dbyl.tests.TestngExample"/>
</testsuite> <!-- com.dbyl.tests.TestngExample -->
