<?xml version="1.0" encoding="UTF-8"?>
<!-- Generated by org.testng.reporters.JUnitReportReporter -->
<testsuite skipped="0" hostname="Youngs-MacBook-Pro.local" name="main.java.com.dbyl.tests.Test" tests="1" failures="0" timestamp="25 Mar 2017 12:57:56 GMT" time="3.390" errors="0">
  <testcase name="myTest" time="3.390" classname="main.java.com.dbyl.tests.Test"/>
</testsuite> <!-- main.java.com.dbyl.tests.Test -->
