<?xml version="1.0" encoding="UTF-8"?>
<!-- Generated by org.testng.reporters.JUnitReportReporter -->
<testsuite hostname="Young-PC" name="com.dbyl.tests.passParameter" tests="1" failures="0" timestamp="20 Jun 2015 04:36:43 GMT" time="0.013" errors="0">
  <testcase name="parameter" time="0.013" classname="com.dbyl.tests.passParameter"/>
</testsuite> <!-- com.dbyl.tests.passParameter -->
